  Building Custom Rule C:/Users/Marco/Desktop/ray/ray/src/CMakeLists.txt
  RayTracer.cpp
C:\Users\Marco\Desktop\ray\ray\src\RayTracer.cpp(135,50): warning C4267: 'initializing': conversion from 'size_t' to 'int', possible loss of data
C:\Users\Marco\Desktop\ray\ray\src\RayTracer.cpp(329,29): warning C4267: '=': conversion from 'size_t' to 'int', possible loss of data
C:\Users\Marco\Desktop\ray\ray\src\RayTracer.cpp(398,26): warning C4018: '<': signed/unsigned mismatch
C:\Users\Marco\Desktop\ray\ray\src\RayTracer.cpp(492,20): warning C4018: '<': signed/unsigned mismatch
  main.cpp
  bitmap.cpp
C:\Users\Marco\Desktop\ray\ray\src\fileio\bitmap.cpp(62,48): warning C4267: 'initializing': conversion from 'size_t' to 'int', possible loss of data
C:\Users\Marco\Desktop\ray\ray\src\fileio\bitmap.cpp(22,13): warning C4996: 'fopen': This function or variable may be unsafe. Consider using fopen_s instead. To disable deprecation, use _CRT_SECURE_NO_WARNINGS. See online help for details.
C:\Users\Marco\Desktop\ray\ray\src\fileio\bitmap.cpp(123,12): warning C4996: 'fopen': This function or variable may be unsafe. Consider using fopen_s instead. To disable deprecation, use _CRT_SECURE_NO_WARNINGS. See online help for details.
  buffer.cpp
  images.cc
  pngimage.cpp
C:\Users\Marco\Desktop\ray\ray\src\fileio\pngimage.cpp(73,17): warning C4996: 'fopen': This function or variable may be unsafe. Consider using fopen_s instead. To disable deprecation, use _CRT_SECURE_NO_WARNINGS. See online help for details.
C:\Users\Marco\Desktop\ray\ray\src\fileio\pngimage.cpp(162,1): warning C4267: '=': conversion from 'size_t' to 'png_uint_32', possible loss of data
C:\Users\Marco\Desktop\ray\ray\src\fileio\pngimage.cpp(236,13): warning C4996: 'fopen': This function or variable may be unsafe. Consider using fopen_s instead. To disable deprecation, use _CRT_SECURE_NO_WARNINGS. See online help for details.
C:\Users\Marco\Desktop\ray\ray\src\fileio\pngimage.cpp(234,6): warning C4101: 'number_of_passes': unreferenced local variable
  Parser.cpp
C:\Users\Marco\Desktop\ray\ray\src\parser\Parser.cpp(671,65): warning C4244: 'argument': conversion from 'const T' to 'int', possible loss of data
          with
          [
              T=double
          ]
C:\Users\Marco\Desktop\ray\ray\src\parser\Parser.cpp(671,53): warning C4244: 'argument': conversion from 'const T' to 'int', possible loss of data
          with
          [
              T=double
          ]
C:\Users\Marco\Desktop\ray\ray\src\parser\Parser.cpp(671,41): warning C4244: 'argument': conversion from 'const T' to 'int', possible loss of data
          with
          [
              T=double
          ]
C:\Users\Marco\Desktop\ray\ray\src\parser\Parser.cpp(768,64): warning C4244: '=': conversion from 'double' to 'float', possible loss of data
C:\Users\Marco\Desktop\ray\ray\src\parser\Parser.cpp(772,62): warning C4244: '=': conversion from 'double' to 'float', possible loss of data
C:\Users\Marco\Desktop\ray\ray\src\parser\Parser.cpp(776,65): warning C4244: '=': conversion from 'double' to 'float', possible loss of data
  ParserException.cpp
  Token.cpp
  Tokenizer.cpp
  bbox.cc
  camera.cpp
  cubeMap.cpp
  light.cpp
  material.cpp
  ray.cpp
  scene.cpp
  Box.cpp
  Cone.cpp
  Cylinder.cpp
  Generating Code...
  Compiling...
  Sphere.cpp
  Square.cpp
  trimesh.cpp
C:\Users\Marco\Desktop\ray\ray\src\SceneObjects\trimesh.cpp(40,28): warning C4267: 'initializing': conversion from 'size_t' to 'int', possible loss of data
C:\Users\Marco\Desktop\ray\ray\src\SceneObjects\trimesh.cpp(132,22): warning C4244: '=': conversion from 'T' to 'T', possible loss of data
          with
          [
              T=double
          ]
          and
          [
              T=float
          ]
C:\Users\Marco\Desktop\ray\ray\src\SceneObjects\trimesh.cpp(133,22): warning C4244: '=': conversion from 'T' to 'T', possible loss of data
          with
          [
              T=double
          ]
          and
          [
              T=float
          ]
C:\Users\Marco\Desktop\ray\ray\src\SceneObjects\trimesh.cpp(134,22): warning C4244: '=': conversion from 'T' to 'T', possible loss of data
          with
          [
              T=double
          ]
          and
          [
              T=float
          ]
C:\Users\Marco\Desktop\ray\ray\src\SceneObjects\trimesh.cpp(135,22): warning C4244: '=': conversion from 'T' to 'T', possible loss of data
          with
          [
              T=double
          ]
          and
          [
              T=float
          ]
C:\Users\Marco\Desktop\ray\ray\src\SceneObjects\trimesh.cpp(189,27): warning C4267: 'initializing': conversion from 'size_t' to 'int', possible loss of data
  CommandLineUI.cpp
  CubeMapChooser.cxx
  GraphicalUI.cpp
  ModelerCamera.cpp
  TraceGLWindow.cpp
  TraceUI.cc
  debuggingView.cpp
C:\Users\Marco\Desktop\ray\ray\src\ui\debuggingView.cpp(107,55): warning C4267: 'argument': conversion from 'size_t' to 'GLsizei', possible loss of data
  debuggingWindow.cxx
  glObjects.cpp
  getopt.cpp
  Generating Code...
  ray.vcxproj -> C:\Users\Marco\Desktop\ray\ray\bin\Release\ray.exe
