  trimesh.cpp
C:\Users\Marco\Documents\GitHub\Graphics_Spring2023\Assignment_1_RayTracer\ray\src\SceneObjects\trimesh.cpp(40,28): warning C4267: 'initializing': conversion from 'size_t' to 'int', possible loss of data
C:\Users\Marco\Documents\GitHub\Graphics_Spring2023\Assignment_1_RayTracer\ray\src\SceneObjects\trimesh.cpp(143,22): warning C4244: '=': conversion from 'T' to 'T', possible loss of data
          with
          [
              T=double
          ]
          and
          [
              T=float
          ]
C:\Users\Marco\Documents\GitHub\Graphics_Spring2023\Assignment_1_RayTracer\ray\src\SceneObjects\trimesh.cpp(144,22): warning C4244: '=': conversion from 'T' to 'T', possible loss of data
          with
          [
              T=double
          ]
          and
          [
              T=float
          ]
C:\Users\Marco\Documents\GitHub\Graphics_Spring2023\Assignment_1_RayTracer\ray\src\SceneObjects\trimesh.cpp(145,22): warning C4244: '=': conversion from 'T' to 'T', possible loss of data
          with
          [
              T=double
          ]
          and
          [
              T=float
          ]
C:\Users\Marco\Documents\GitHub\Graphics_Spring2023\Assignment_1_RayTracer\ray\src\SceneObjects\trimesh.cpp(146,22): warning C4244: '=': conversion from 'T' to 'T', possible loss of data
          with
          [
              T=double
          ]
          and
          [
              T=float
          ]
C:\Users\Marco\Documents\GitHub\Graphics_Spring2023\Assignment_1_RayTracer\ray\src\SceneObjects\trimesh.cpp(200,27): warning C4267: 'initializing': conversion from 'size_t' to 'int', possible loss of data
  ray.vcxproj -> C:\Users\Marco\Documents\GitHub\Graphics_Spring2023\Assignment_1_RayTracer\ray\build\bin\Debug\ray.exe
